<?xml version="1.0" encoding="UTF-8"?>
<!-- Generated by org.testng.reporters.JUnitXMLReporter -->
<testsuite hostname="DESKTOP-IAVAU2U" name="Test" tests="1" failures="0" timestamp="3 Sep 2020 02:16:29 GMT" time="2.28" errors="0">
  <testcase name="@BeforeMethod preCondition" time="0.0" classname="scripts.TestScripts">
    <failure type="org.openqa.selenium.SessionNotCreatedException" message="session not created: This version of ChromeDriver only supports Chrome version 83
Build info: version: &amp;apos;3.141.59&amp;apos;, revision: &amp;apos;e82be7d358&amp;apos;, time: &amp;apos;2018-11-14T08:17:03&amp;apos;
System info: host: &amp;apos;DESKTOP-IAVAU2U&amp;apos;, ip: &amp;apos;192.168.21.1&amp;apos;, os.name: &amp;apos;Windows 10&amp;apos;, os.arch: &amp;apos;amd64&amp;apos;, os.version: &amp;apos;10.0&amp;apos;, java.version: &amp;apos;1.8.0_251&amp;apos;
Driver info: driver.version: ChromeDriver
remote stacktrace: Backtrace:
	Ordinal0 [0x015B9563+2725219]
	Ordinal0 [0x014B8551+1672529]
	Ordinal0 [0x013A0359+525145]
	Ordinal0 [0x01330B77+68471]
	Ordinal0 [0x0132D32C+54060]
	Ordinal0 [0x0134CC37+183351]
	Ordinal0 [0x0134CA3D+182845]
	Ordinal0 [0x0134A94B+174411]
	Ordinal0 [0x01332528+75048]
	Ordinal0 [0x013335A0+79264]
	Ordinal0 [0x01333539+79161]
	Ordinal0 [0x014CD607+1758727]
	GetHandleVerifier [0x016D6546+1050150]
	GetHandleVerifier [0x016D6291+1049457]
	GetHandleVerifier [0x016E10D7+1094071]
	GetHandleVerifier [0x016D6B46+1051686]
	Ordinal0 [0x014C5B06+1727238]
	Ordinal0 [0x014CEB7B+1764219]
	Ordinal0 [0x014CECE3+1764579]
	Ordinal0 [0x014E4C05+1854469]
	BaseThreadInitThunk [0x77500419+25]
	RtlGetAppContainerNamedObjectPath [0x776366DD+237]
	RtlGetAppContainerNamedObjectPath [0x776366AD+189]
">
      <![CDATA[org.openqa.selenium.SessionNotCreatedException: session not created: This version of ChromeDriver only supports Chrome version 83
Build info: version: '3.141.59', revision: 'e82be7d358', time: '2018-11-14T08:17:03'
System info: host: 'DESKTOP-IAVAU2U', ip: '192.168.21.1', os.name: 'Windows 10', os.arch: 'amd64', os.version: '10.0', java.version: '1.8.0_251'
Driver info: driver.version: ChromeDriver
remote stacktrace: Backtrace:
	Ordinal0 [0x015B9563+2725219]
	Ordinal0 [0x014B8551+1672529]
	Ordinal0 [0x013A0359+525145]
	Ordinal0 [0x01330B77+68471]
	Ordinal0 [0x0132D32C+54060]
	Ordinal0 [0x0134CC37+183351]
	Ordinal0 [0x0134CA3D+182845]
	Ordinal0 [0x0134A94B+174411]
	Ordinal0 [0x01332528+75048]
	Ordinal0 [0x013335A0+79264]
	Ordinal0 [0x01333539+79161]
	Ordinal0 [0x014CD607+1758727]
	GetHandleVerifier [0x016D6546+1050150]
	GetHandleVerifier [0x016D6291+1049457]
	GetHandleVerifier [0x016E10D7+1094071]
	GetHandleVerifier [0x016D6B46+1051686]
	Ordinal0 [0x014C5B06+1727238]
	Ordinal0 [0x014CEB7B+1764219]
	Ordinal0 [0x014CECE3+1764579]
	Ordinal0 [0x014E4C05+1854469]
	BaseThreadInitThunk [0x77500419+25]
	RtlGetAppContainerNamedObjectPath [0x776366DD+237]
	RtlGetAppContainerNamedObjectPath [0x776366AD+189]

	at org.openqa.selenium.remote.W3CHandshakeResponse.lambda$errorHandler$0(W3CHandshakeResponse.java:62)
	at org.openqa.selenium.remote.HandshakeResponse.lambda$getResponseFunction$0(HandshakeResponse.java:30)
	at org.openqa.selenium.remote.ProtocolHandshake.lambda$createSession$0(ProtocolHandshake.java:126)
	at java.util.stream.ReferencePipeline$3$1.accept(ReferencePipeline.java:193)
	at java.util.Spliterators$ArraySpliterator.tryAdvance(Spliterators.java:958)
	at java.util.stream.ReferencePipeline.forEachWithCancel(ReferencePipeline.java:126)
	at java.util.stream.AbstractPipeline.copyIntoWithCancel(AbstractPipeline.java:499)
	at java.util.stream.AbstractPipeline.copyInto(AbstractPipeline.java:486)
	at java.util.stream.AbstractPipeline.wrapAndCopyInto(AbstractPipeline.java:472)
	at java.util.stream.FindOps$FindOp.evaluateSequential(FindOps.java:152)
	at java.util.stream.AbstractPipeline.evaluate(AbstractPipeline.java:234)
	at java.util.stream.ReferencePipeline.findFirst(ReferencePipeline.java:464)
	at org.openqa.selenium.remote.ProtocolHandshake.createSession(ProtocolHandshake.java:128)
	at org.openqa.selenium.remote.ProtocolHandshake.createSession(ProtocolHandshake.java:74)
	at org.openqa.selenium.remote.HttpCommandExecutor.execute(HttpCommandExecutor.java:136)
	at org.openqa.selenium.remote.service.DriverCommandExecutor.execute(DriverCommandExecutor.java:83)
	at org.openqa.selenium.remote.RemoteWebDriver.execute(RemoteWebDriver.java:552)
	at org.openqa.selenium.remote.RemoteWebDriver.startSession(RemoteWebDriver.java:213)
	at org.openqa.selenium.remote.RemoteWebDriver.<init>(RemoteWebDriver.java:131)
	at org.openqa.selenium.chrome.ChromeDriver.<init>(ChromeDriver.java:181)
	at org.openqa.selenium.chrome.ChromeDriver.<init>(ChromeDriver.java:168)
	at org.openqa.selenium.chrome.ChromeDriver.<init>(ChromeDriver.java:123)
	at generic.BaseTest.preCondition(BaseTest.java:16)
	at org.apache.maven.surefire.testng.TestNGExecutor.run(TestNGExecutor.java:284)
	at org.apache.maven.surefire.testng.TestNGXmlTestSuite.execute(TestNGXmlTestSuite.java:75)
	at org.apache.maven.surefire.testng.TestNGProvider.invoke(TestNGProvider.java:119)
	at org.apache.maven.surefire.booter.ForkedBooter.runSuitesInProcess(ForkedBooter.java:428)
	at org.apache.maven.surefire.booter.ForkedBooter.execute(ForkedBooter.java:162)
	at org.apache.maven.surefire.booter.ForkedBooter.run(ForkedBooter.java:562)
	at org.apache.maven.surefire.booter.ForkedBooter.main(ForkedBooter.java:548)
... Removed 27 stack frames]]>
    </failure>
  </testcase> <!-- @BeforeMethod preCondition -->
  <testcase name="@AfterMethod postCondition" time="0.0" classname="scripts.TestScripts">
    <skipped/>
  </testcase> <!-- @AfterMethod postCondition -->
  <testcase name="sortListBox" time="0.007" classname="scripts.TestScripts">
    <skipped/>
  </testcase> <!-- sortListBox -->
</testsuite> <!-- Test -->
